<?xml version="1.0" encoding="UTF-8"?>
<!-- Generated by org.testng.reporters.JUnitReportReporter -->
<testsuite hostname="SURPRISE-DE414" name="CIB_DIGITAL_TECH.GetRandomImageForSubbreedGoldenDogTest" tests="1" failures="0" timestamp="25 Nov 2018 17:46:44 GMT" time="4.193" errors="0">
  <testcase name="GetGoldenBreedDog" time="4.193" classname="CIB_DIGITAL_TECH.GetRandomImageForSubbreedGoldenDogTest"/>
</testsuite> <!-- CIB_DIGITAL_TECH.GetRandomImageForSubbreedGoldenDogTest -->
