<?xml version="1.0" encoding="UTF-8"?>
<!-- Generated by org.testng.reporters.JUnitReportReporter -->
<testsuite hostname="SURPRISE-DE414" name="CIB_DIGITAL_TECH.ProduceGoldenSubBreedDogTest" tests="1" failures="0" timestamp="25 Nov 2018 19:27:11 GMT" time="4.233" errors="0">
  <testcase name="getGoldenSubBreedDog" time="4.233" classname="CIB_DIGITAL_TECH.ProduceGoldenSubBreedDogTest"/>
</testsuite> <!-- CIB_DIGITAL_TECH.ProduceGoldenSubBreedDogTest -->
