<?xml version="1.0" encoding="UTF-8"?>
<!-- Generated by org.testng.reporters.JUnitReportReporter -->
<testsuite hostname="SURPRISE-DE414" name="CIB_DIGITAL_TECH.ListAllBreedDogsTest" tests="1" failures="0" timestamp="3 Dec 2018 12:52:58 GMT" time="3.870" errors="0">
  <testcase name="listAllBreedDogs" time="3.870" classname="CIB_DIGITAL_TECH.ListAllBreedDogsTest"/>
</testsuite> <!-- CIB_DIGITAL_TECH.ListAllBreedDogsTest -->
