<?xml version="1.0" encoding="UTF-8"?>
<!-- Generated by org.testng.reporters.JUnitReportReporter -->
<testsuite hostname="SURPRISE-DE414" name="CIB_DIGITAL_TECH.CheckRetrieverBreedIsInListTest" tests="1" failures="0" timestamp="3 Dec 2018 12:52:58 GMT" time="0.453" errors="0">
  <testcase name="verifyThatRetrieverBreedDogExists" time="0.453" classname="CIB_DIGITAL_TECH.CheckRetrieverBreedIsInListTest"/>
</testsuite> <!-- CIB_DIGITAL_TECH.CheckRetrieverBreedIsInListTest -->
