<?xml version="1.0" encoding="UTF-8"?>
<!-- Generated by org.testng.reporters.JUnitReportReporter -->
<testsuite hostname="SURPRISE-DE414" name="CIB_DIGITAL_TECH.ListBSubBreedsForRetrieverTest" tests="1" failures="0" timestamp="25 Nov 2018 18:47:06 GMT" time="4.886" errors="0">
  <testcase name="GetRetrieverBreedDog" time="4.886" classname="CIB_DIGITAL_TECH.ListBSubBreedsForRetrieverTest"/>
</testsuite> <!-- CIB_DIGITAL_TECH.ListBSubBreedsForRetrieverTest -->
