<?xml version="1.0" encoding="UTF-8"?>
<!-- Generated by org.testng.reporters.JUnitReportReporter -->
<testsuite hostname="SURPRISE-DE414" name="CIB_DIGITAL_TECH.ValidateBreedTest" tests="1" failures="0" timestamp="24 Nov 2018 21:16:52 GMT" time="6.445" errors="0">
  <testcase name="GetRetrieverBreedDog" time="6.445" classname="CIB_DIGITAL_TECH.ValidateBreedTest"/>
</testsuite> <!-- CIB_DIGITAL_TECH.ValidateBreedTest -->
