<?xml version="1.0" encoding="UTF-8"?>
<!-- Generated by org.testng.reporters.JUnitReportReporter -->
<testsuite hostname="SURPRISE-DE414" name="CIB_DIGITAL_TECH.ListSubBreedsForRetrieverTest" tests="1" failures="0" timestamp="3 Dec 2018 12:51:38 GMT" time="0.666" errors="0">
  <testcase name="getSubBreedsOfRetrieverDog" time="0.666" classname="CIB_DIGITAL_TECH.ListSubBreedsForRetrieverTest"/>
</testsuite> <!-- CIB_DIGITAL_TECH.ListSubBreedsForRetrieverTest -->
